<?xml version='1.0' encoding='UTF-8'?>
<coverage branch-rate="0.207490808824" line-rate="0.464534433841" timestamp="1429611522" version="gcovr 3.2">
 <sources>
  <source>/home/builder/jenkins/F123-linux-coveragetest/flow123d</source>
 </sources>
 <packages>
  <package branch-rate="0.273645058448" complexity="0.0" line-rate="0.51763367463" name="src.system">
   <classes>
    <class branch-rate="0.0777777777778" complexity="0.0" filename="src/system/application_base.cc" line-rate="0.185185185185" name="application_base_cc">
     <methods />
     <lines>
      <line branch="false" hits="0" number="129" />
      <line branch="false" hits="0" number="130" />
      <line branch="false" hits="2" number="133" />
      <line branch="true" condition-coverage="50% (1/2)" hits="1" number="134">
       <conditions>
        <condition coverage="50%" number="0" type="jump" />
       </conditions>
      </line>
      <line branch="false" hits="1" number="135" />
      <line branch="true" condition-coverage="50% (3/6)" hits="4" number="136">
       <conditions>
        <condition coverage="50%" number="0" type="jump" />
       </conditions>
      </line>
      <line branch="false" hits="1" number="16" />
      <line branch="true" condition-coverage="50% (2/4)" hits="1" number="17">
       <conditions>
        <condition coverage="50%" number="0" type="jump" />
       </conditions>
      </line>
      <line branch="false" hits="1" number="18" />
      <line branch="false" hits="0" number="23" />
      <line branch="false" hits="0" number="26" />
      <line branch="false" hits="0" number="27" />
      <line branch="true" condition-coverage="0% (0/2)" hits="0" number="30">
       <conditions>
        <condition coverage="0%" number="0" type="jump" />
       </conditions>
      </line>
      <line branch="true" condition-coverage="0% (0/2)" hits="0" number="35">
       <conditions>
        <condition coverage="0%" number="0" type="jump" />
       </conditions>
      </line>
      <line branch="true" condition-coverage="0% (0/2)" hits="0" number="36">
       <conditions>
        <condition coverage="0%" number="0" type="jump" />
       </conditions>
      </line>
      <line branch="true" condition-coverage="0% (0/16)" hits="0" number="37">
       <conditions>
        <condition coverage="0%" number="0" type="jump" />
       </conditions>
      </line>
      <line branch="true" condition-coverage="0% (0/2)" hits="0" number="40">
       <conditions>
        <condition coverage="0%" number="0" type="jump" />
       </conditions>
      </line>
      <line branch="true" condition-coverage="0% (0/4)" hits="0" number="42">
       <conditions>
        <condition coverage="0%" number="0" type="jump" />
       </conditions>
      </line>
      <line branch="false" hits="0" number="44" />
      <line branch="true" condition-coverage="0% (0/8)" hits="0" number="47">
       <conditions>
        <condition coverage="0%" number="0" type="jump" />
       </conditions>
      </line>
      <line branch="true" condition-coverage="0% (0/8)" hits="0" number="48">
       <conditions>
        <condition coverage="0%" number="0" type="jump" />
       </conditions>
      </line>
      <line branch="true" condition-coverage="0% (0/2)" hits="0" number="49">
       <conditions>
        <condition coverage="0%" number="0" type="jump" />
       </conditions>
      </line>
      <line branch="false" hits="0" number="52" />
      <line branch="false" hits="0" number="53" />
      <line branch="false" hits="0" number="54" />
      <line branch="false" hits="0" number="60" />
      <line branch="true" condition-coverage="0% (0/4)" hits="0" number="64">
       <conditions>
        <condition coverage="0%" number="0" type="jump" />
       </conditions>
      </line>
      <line branch="true" condition-coverage="0% (0/2)" hits="0" number="65">
       <conditions>
        <condition coverage="0%" number="0" type="jump" />
       </conditions>
      </line>
      <line branch="false" hits="0" number="67" />
      <line branch="true" condition-coverage="0% (0/6)" hits="0" number="70">
       <conditions>
        <condition coverage="0%" number="0" type="jump" />
       </conditions>
      </line>
      <line branch="true" condition-coverage="0% (0/2)" hits="0" number="73">
       <conditions>
        <condition coverage="0%" number="0" type="jump" />
       </conditions>
      </line>
      <line branch="false" hits="0" number="75" />
      <line branch="false" hits="0" number="79" />
      <line branch="true" condition-coverage="0% (0/4)" hits="0" number="81">
       <conditions>
        <condition coverage="0%" number="0" type="jump" />
       </conditions>
      </line>
      <line branch="true" condition-coverage="0% (0/2)" hits="0" number="82">
       <conditions>
        <condition coverage="0%" number="0" type="jump" />
       </conditions>
      </line>
      <line branch="false" hits="0" number="83" />
      <line branch="true" condition-coverage="0% (0/2)" hits="0" number="87">
       <conditions>
        <condition coverage="0%" number="0" type="jump" />
       </conditions>
      </line>
      <line branch="true" condition-coverage="0% (0/2)" hits="0" number="90">
       <conditions>
        <condition coverage="0%" number="0" type="jump" />
       </conditions>
      </line>
      <line branch="true" condition-coverage="0% (0/2)" hits="0" number="91">
       <conditions>
        <condition coverage="0%" number="0" type="jump" />
       </conditions>
      </line>
      <line branch="false" hits="0" number="93" />
      <line branch="false" hits="1" number="97" />
      <line branch="true" condition-coverage="50% (1/2)" hits="1" number="99">
       <conditions>
        <condition coverage="50%" number="0" type="jump" />
       </conditions>
      </line>
      <line branch="false" hits="0" number="101" />
      <line branch="true" condition-coverage="0% (0/2)" hits="0" number="103">
       <conditions>
        <condition coverage="0%" number="0" type="jump" />
       </conditions>
      </line>
      <line branch="true" condition-coverage="0% (0/2)" hits="0" number="105">
       <conditions>
        <condition coverage="0%" number="0" type="jump" />
       </conditions>
      </line>
      <line branch="false" hits="0" number="107" />
      <line branch="false" hits="0" number="109" />
      <line branch="false" hits="1" number="113" />
      <line branch="false" hits="0" number="117" />
      <line branch="false" hits="0" number="119" />
      <line branch="false" hits="0" number="120" />
      <line branch="false" hits="0" number="122" />
      <line branch="false" hits="0" number="124" />
      <line branch="false" hits="0" number="127" />
     </lines>
    </class>
    <class branch-rate="0.43023255814" complexity="0.0" filename="src/system/exceptions.cc" line-rate="0.896103896104" name="exceptions_cc">
     <methods />
     <lines>
      <line branch="true" condition-coverage="50% (1/2)" hits="16" number="128">
       <conditions>
        <condition coverage="50%" number="0" type="jump" />
       </conditions>
      </line>
      <line branch="true" condition-coverage="50% (1/2)" hits="16" number="130">
       <conditions>
        <condition coverage="50%" number="0" type="jump" />
       </conditions>
      </line>
      <line branch="true" condition-coverage="50% (1/2)" hits="16" number="131">
       <conditions>
        <condition coverage="50%" number="0" type="jump" />
       </conditions>
      </line>
      <line branch="true" condition-coverage="50% (1/2)" hits="16" number="132">
       <conditions>
        <condition coverage="50%" number="0" type="jump" />
       </conditions>
      </line>
      <line branch="true" condition-coverage="50% (2/4)" hits="16" number="133">
       <conditions>
        <condition coverage="50%" number="0" type="jump" />
       </conditions>
      </line>
      <line branch="true" condition-coverage="50% (2/4)" hits="16" number="135">
       <conditions>
        <condition coverage="50%" number="0" type="jump" />
       </conditions>
      </line>
      <line branch="false" hits="16" number="136" />
      <line branch="false" hits="0" number="138" />
      <line branch="true" condition-coverage="0% (0/8)" hits="0" number="139">
       <conditions>
        <condition coverage="0%" number="0" type="jump" />
       </conditions>
      </line>
      <line branch="true" condition-coverage="0% (0/8)" hits="0" number="140">
       <conditions>
        <condition coverage="0%" number="0" type="jump" />
       </conditions>
      </line>
      <line branch="false" hits="0" number="142" />
      <line branch="true" condition-coverage="0% (0/2)" hits="0" number="143">
       <conditions>
        <condition coverage="0%" number="0" type="jump" />
       </conditions>
      </line>
      <line branch="true" condition-coverage="0% (0/6)" hits="0" number="144">
       <conditions>
        <condition coverage="0%" number="0" type="jump" />
       </conditions>
      </line>
      <line branch="true" condition-coverage="0% (0/2)" hits="0" number="145">
       <conditions>
        <condition coverage="0%" number="0" type="jump" />
       </conditions>
      </line>
      <line branch="true" condition-coverage="0% (0/2)" hits="0" number="147">
       <conditions>
        <condition coverage="0%" number="0" type="jump" />
       </conditions>
      </line>
      <line branch="false" hits="32" number="22" />
      <line branch="true" condition-coverage="0% (0/2)" hits="32" number="23">
       <conditions>
        <condition coverage="0%" number="0" type="jump" />
       </conditions>
      </line>
      <line branch="true" condition-coverage="25% (1/4)" hits="32" number="25">
       <conditions>
        <condition coverage="25%" number="0" type="jump" />
       </conditions>
      </line>
      <line branch="false" hits="32" number="26" />
      <line branch="false" hits="32" number="30" />
      <line branch="true" condition-coverage="0% (0/2)" hits="32" number="31">
       <conditions>
        <condition coverage="0%" number="0" type="jump" />
       </conditions>
      </line>
      <line branch="false" hits="32" number="33" />
      <line branch="true" condition-coverage="50% (2/4)" hits="32" number="34">
       <conditions>
        <condition coverage="50%" number="0" type="jump" />
       </conditions>
      </line>
      <line branch="false" hits="32" number="35" />
      <line branch="false" hits="32" number="36" />
      <line branch="true" condition-coverage="50% (2/4)" hits="612" number="37">
       <conditions>
        <condition coverage="50%" number="0" type="jump" />
       </conditions>
      </line>
      <line branch="false" hits="580" number="38" />
      <line branch="false" hits="580" number="39" />
      <line branch="true" condition-coverage="50% (2/4)" hits="580" number="40">
       <conditions>
        <condition coverage="50%" number="0" type="jump" />
       </conditions>
      </line>
      <line branch="false" hits="580" number="41" />
      <line branch="false" hits="32" number="43" />
      <line branch="false" hits="16" number="116" />
      <line branch="true" condition-coverage="25% (1/4)" hits="128" number="48">
       <conditions>
        <condition coverage="25%" number="0" type="jump" />
       </conditions>
      </line>
      <line branch="true" condition-coverage="25% (1/4)" hits="64" number="49">
       <conditions>
        <condition coverage="25%" number="0" type="jump" />
       </conditions>
      </line>
      <line branch="false" hits="64" number="50" />
      <line branch="false" hits="64" number="51" />
      <line branch="false" hits="64" number="52" />
      <line branch="true" condition-coverage="25% (2/8)" hits="64" number="54">
       <conditions>
        <condition coverage="25%" number="0" type="jump" />
       </conditions>
      </line>
      <line branch="false" hits="32" number="57" />
      <line branch="true" condition-coverage="50% (2/4)" hits="32" number="60">
       <conditions>
        <condition coverage="50%" number="0" type="jump" />
       </conditions>
      </line>
      <line branch="true" condition-coverage="50% (1/2)" hits="32" number="62">
       <conditions>
        <condition coverage="50%" number="0" type="jump" />
       </conditions>
      </line>
      <line branch="false" hits="32" number="63" />
      <line branch="false" hits="32" number="66" />
      <line branch="false" hits="16" number="75" />
      <line branch="false" hits="16" number="76" />
      <line branch="false" hits="16" number="77" />
      <line branch="true" condition-coverage="50% (1/2)" hits="96" number="80">
       <conditions>
        <condition coverage="50%" number="0" type="jump" />
       </conditions>
      </line>
      <line branch="true" condition-coverage="50% (1/2)" hits="96" number="81">
       <conditions>
        <condition coverage="50%" number="0" type="jump" />
       </conditions>
      </line>
      <line branch="true" condition-coverage="75% (3/4)" hits="192" number="82">
       <conditions>
        <condition coverage="75%" number="0" type="jump" />
       </conditions>
      </line>
      <line branch="true" condition-coverage="75% (3/4)" hits="64" number="83">
       <conditions>
        <condition coverage="75%" number="0" type="jump" />
       </conditions>
      </line>
      <line branch="true" condition-coverage="83% (5/6)" hits="144" number="84">
       <conditions>
        <condition coverage="83%" number="0" type="jump" />
       </conditions>
      </line>
      <line branch="true" condition-coverage="100% (2/2)" hits="16" number="85">
       <conditions>
        <condition coverage="100%" number="0" type="jump" />
       </conditions>
      </line>
      <line branch="false" hits="80" number="86" />
      <line branch="false" hits="16" number="87" />
      <line branch="false" hits="16" number="89" />
      <line branch="true" condition-coverage="50% (1/2)" hits="210" number="90">
       <conditions>
        <condition coverage="50%" number="0" type="jump" />
       </conditions>
      </line>
      <line branch="true" condition-coverage="50% (1/2)" hits="210" number="91">
       <conditions>
        <condition coverage="50%" number="0" type="jump" />
       </conditions>
      </line>
      <line branch="true" condition-coverage="50% (1/2)" hits="210" number="92">
       <conditions>
        <condition coverage="50%" number="0" type="jump" />
       </conditions>
      </line>
      <line branch="true" condition-coverage="50% (1/2)" hits="210" number="93">
       <conditions>
        <condition coverage="50%" number="0" type="jump" />
       </conditions>
      </line>
      <line branch="true" condition-coverage="75% (3/4)" hits="404" number="94">
       <conditions>
        <condition coverage="75%" number="0" type="jump" />
       </conditions>
      </line>
      <line branch="false" hits="210" number="96" />
      <line branch="false" hits="210" number="97" />
      <line branch="true" condition-coverage="50% (1/2)" hits="210" number="100">
       <conditions>
        <condition coverage="50%" number="0" type="jump" />
       </conditions>
      </line>
      <line branch="true" condition-coverage="100% (2/2)" hits="210" number="102">
       <conditions>
        <condition coverage="100%" number="0" type="jump" />
       </conditions>
      </line>
      <line branch="true" condition-coverage="50% (5/10)" hits="194" number="103">
       <conditions>
        <condition coverage="50%" number="0" type="jump" />
       </conditions>
      </line>
      <line branch="false" hits="194" number="104" />
      <line branch="true" condition-coverage="50% (5/10)" hits="16" number="106">
       <conditions>
        <condition coverage="50%" number="0" type="jump" />
       </conditions>
      </line>
      <line branch="true" condition-coverage="83% (5/6)" hits="210" number="109">
       <conditions>
        <condition coverage="83%" number="0" type="jump" />
       </conditions>
      </line>
      <line branch="false" hits="194" number="110" />
      <line branch="false" hits="16" number="111" />
      <line branch="false" hits="16" number="113" />
      <line branch="true" condition-coverage="50% (2/4)" hits="42" number="150">
       <conditions>
        <condition coverage="50%" number="0" type="jump" />
       </conditions>
      </line>
      <line branch="true" condition-coverage="50% (4/8)" hits="16" number="119">
       <conditions>
        <condition coverage="50%" number="0" type="jump" />
       </conditions>
      </line>
      <line branch="true" condition-coverage="50% (1/2)" hits="16" number="123">
       <conditions>
        <condition coverage="50%" number="0" type="jump" />
       </conditions>
      </line>
      <line branch="true" condition-coverage="50% (2/4)" hits="16" number="125">
       <conditions>
        <condition coverage="50%" number="0" type="jump" />
       </conditions>
      </line>
      <line branch="true" condition-coverage="50% (2/4)" hits="16" number="126">
       <conditions>
        <condition coverage="50%" number="0" type="jump" />
       </conditions>
      </line>
      <line branch="true" condition-coverage="50% (1/2)" hits="16" number="127">
       <conditions>
        <condition coverage="50%" number="0" type="jump" />
       </conditions>
      </line>
     </lines>
    </class>
    <class branch-rate="0.516304347826" complexity="0.0" filename="src/system/file_path.cc" line-rate="0.961038961039" name="file_path_cc">
     <methods />
     <lines>
      <line branch="false" hits="1" number="128" />
      <line branch="true" condition-coverage="50% (1/2)" hits="1" number="129">
       <conditions>
        <condition coverage="50%" number="0" type="jump" />
       </conditions>
      </line>
      <line branch="true" condition-coverage="50% (2/4)" hits="1" number="132">
       <conditions>
        <condition coverage="50%" number="0" type="jump" />
       </conditions>
      </line>
      <line branch="false" hits="1" number="134" />
      <line branch="false" hits="21" number="138" />
      <line branch="true" condition-coverage="75% (3/4)" hits="21" number="139">
       <conditions>
        <condition coverage="75%" number="0" type="jump" />
       </conditions>
      </line>
      <line branch="true" condition-coverage="50% (1/2)" hits="6" number="140">
       <conditions>
        <condition coverage="50%" number="0" type="jump" />
       </conditions>
      </line>
      <line branch="false" hits="21" number="142" />
      <line branch="false" hits="5" number="17" />
      <line branch="true" condition-coverage="50% (1/2)" hits="5" number="18">
       <conditions>
        <condition coverage="50%" number="0" type="jump" />
       </conditions>
      </line>
      <line branch="true" condition-coverage="50% (1/2)" hits="5" number="19">
       <conditions>
        <condition coverage="50%" number="0" type="jump" />
       </conditions>
      </line>
      <line branch="false" hits="5" number="21" />
      <line branch="false" hits="5" number="22" />
      <line branch="true" condition-coverage="50% (1/2)" hits="3" number="151">
       <conditions>
        <condition coverage="50%" number="0" type="jump" />
       </conditions>
      </line>
      <line branch="true" condition-coverage="75% (3/4)" hits="5" number="24">
       <conditions>
        <condition coverage="75%" number="0" type="jump" />
       </conditions>
      </line>
      <line branch="true" condition-coverage="50% (1/2)" hits="1" number="25">
       <conditions>
        <condition coverage="50%" number="0" type="jump" />
       </conditions>
      </line>
      <line branch="true" condition-coverage="50% (1/2)" hits="1" number="26">
       <conditions>
        <condition coverage="50%" number="0" type="jump" />
       </conditions>
      </line>
      <line branch="false" hits="6" number="27" />
      <line branch="true" condition-coverage="50% (1/2)" hits="6" number="157">
       <conditions>
        <condition coverage="50%" number="0" type="jump" />
       </conditions>
      </line>
      <line branch="true" condition-coverage="100% (2/2)" hits="4" number="30">
       <conditions>
        <condition coverage="100%" number="0" type="jump" />
       </conditions>
      </line>
      <line branch="true" condition-coverage="50% (3/6)" hits="1" number="31">
       <conditions>
        <condition coverage="50%" number="0" type="jump" />
       </conditions>
      </line>
      <line branch="true" condition-coverage="50% (1/2)" hits="1" number="32">
       <conditions>
        <condition coverage="50%" number="0" type="jump" />
       </conditions>
      </line>
      <line branch="true" condition-coverage="50% (1/2)" hits="3" number="33">
       <conditions>
        <condition coverage="50%" number="0" type="jump" />
       </conditions>
      </line>
      <line branch="true" condition-coverage="50% (2/4)" hits="18" number="162">
       <conditions>
        <condition coverage="50%" number="0" type="jump" />
       </conditions>
      </line>
      <line branch="true" condition-coverage="0% (0/4)" hits="0" number="35">
       <conditions>
        <condition coverage="0%" number="0" type="jump" />
       </conditions>
      </line>
      <line branch="true" condition-coverage="0% (0/4)" hits="0" number="36">
       <conditions>
        <condition coverage="0%" number="0" type="jump" />
       </conditions>
      </line>
      <line branch="true" condition-coverage="0% (0/6)" hits="0" number="38">
       <conditions>
        <condition coverage="0%" number="0" type="jump" />
       </conditions>
      </line>
      <line branch="true" condition-coverage="50% (3/6)" hits="3" number="41">
       <conditions>
        <condition coverage="50%" number="0" type="jump" />
       </conditions>
      </line>
      <line branch="true" condition-coverage="50% (1/2)" hits="3" number="42">
       <conditions>
        <condition coverage="50%" number="0" type="jump" />
       </conditions>
      </line>
      <line branch="false" hits="4" number="48" />
      <line branch="false" hits="4" number="50" />
      <line branch="true" condition-coverage="50% (3/6)" hits="6" number="155">
       <conditions>
        <condition coverage="50%" number="0" type="jump" />
       </conditions>
      </line>
      <line branch="true" condition-coverage="50% (1/2)" hits="6" number="158">
       <conditions>
        <condition coverage="50%" number="0" type="jump" />
       </conditions>
      </line>
      <line branch="false" hits="4" number="54" />
      <line branch="true" condition-coverage="75% (3/4)" hits="4" number="55">
       <conditions>
        <condition coverage="75%" number="0" type="jump" />
       </conditions>
      </line>
      <line branch="true" condition-coverage="50% (1/2)" hits="1" number="56">
       <conditions>
        <condition coverage="50%" number="0" type="jump" />
       </conditions>
      </line>
      <line branch="true" condition-coverage="50% (2/4)" hits="1" number="57">
       <conditions>
        <condition coverage="50%" number="0" type="jump" />
       </conditions>
      </line>
      <line branch="true" condition-coverage="75% (3/4)" hits="10" number="58">
       <conditions>
        <condition coverage="75%" number="0" type="jump" />
       </conditions>
      </line>
      <line branch="true" condition-coverage="100% (2/2)" hits="9" number="59">
       <conditions>
        <condition coverage="100%" number="0" type="jump" />
       </conditions>
      </line>
      <line branch="true" condition-coverage="100% (2/2)" hits="8" number="60">
       <conditions>
        <condition coverage="100%" number="0" type="jump" />
       </conditions>
      </line>
      <line branch="true" condition-coverage="50% (2/4)" hits="1" number="64">
       <conditions>
        <condition coverage="50%" number="0" type="jump" />
       </conditions>
      </line>
      <line branch="false" hits="3" number="123" />
      <line branch="true" condition-coverage="50% (3/6)" hits="7" number="67">
       <conditions>
        <condition coverage="50%" number="0" type="jump" />
       </conditions>
      </line>
      <line branch="true" condition-coverage="50% (2/4)" hits="8" number="69">
       <conditions>
        <condition coverage="50%" number="0" type="jump" />
       </conditions>
      </line>
      <line branch="false" hits="1" number="70" />
      <line branch="true" condition-coverage="50% (1/2)" hits="3" number="72">
       <conditions>
        <condition coverage="50%" number="0" type="jump" />
       </conditions>
      </line>
      <line branch="true" condition-coverage="50% (2/4)" hits="6" number="73">
       <conditions>
        <condition coverage="50%" number="0" type="jump" />
       </conditions>
      </line>
      <line branch="true" condition-coverage="50% (2/4)" hits="3" number="74">
       <conditions>
        <condition coverage="50%" number="0" type="jump" />
       </conditions>
      </line>
      <line branch="true" condition-coverage="75% (3/4)" hits="16" number="75">
       <conditions>
        <condition coverage="75%" number="0" type="jump" />
       </conditions>
      </line>
      <line branch="true" condition-coverage="50% (1/2)" hits="13" number="76">
       <conditions>
        <condition coverage="50%" number="0" type="jump" />
       </conditions>
      </line>
      <line branch="true" condition-coverage="50% (3/6)" hits="3" number="34">
       <conditions>
        <condition coverage="50%" number="0" type="jump" />
       </conditions>
      </line>
      <line branch="true" condition-coverage="50% (3/6)" hits="10" number="78">
       <conditions>
        <condition coverage="50%" number="0" type="jump" />
       </conditions>
      </line>
      <line branch="true" condition-coverage="75% (3/4)" hits="13" number="77">
       <conditions>
        <condition coverage="75%" number="0" type="jump" />
       </conditions>
      </line>
      <line branch="true" condition-coverage="50% (3/6)" hits="6" number="82">
       <conditions>
        <condition coverage="50%" number="0" type="jump" />
       </conditions>
      </line>
      <line branch="true" condition-coverage="50% (2/4)" hits="4" number="86">
       <conditions>
        <condition coverage="50%" number="0" type="jump" />
       </conditions>
      </line>
      <line branch="false" hits="4" number="87" />
      <line branch="true" condition-coverage="50% (4/8)" hits="3" number="152">
       <conditions>
        <condition coverage="50%" number="0" type="jump" />
       </conditions>
      </line>
      <line branch="true" condition-coverage="50% (2/4)" hits="13" number="79">
       <conditions>
        <condition coverage="50%" number="0" type="jump" />
       </conditions>
      </line>
      <line branch="false" hits="4" number="92" />
      <line branch="false" hits="4" number="93" />
      <line branch="false" hits="4" number="96" />
      <line branch="true" condition-coverage="100% (2/2)" hits="8" number="97">
       <conditions>
        <condition coverage="100%" number="0" type="jump" />
       </conditions>
      </line>
      <line branch="false" hits="4" number="98" />
      <line branch="true" condition-coverage="100% (2/2)" hits="4" number="99">
       <conditions>
        <condition coverage="100%" number="0" type="jump" />
       </conditions>
      </line>
      <line branch="true" condition-coverage="33% (2/6)" hits="1" number="100">
       <conditions>
        <condition coverage="33%" number="0" type="jump" />
       </conditions>
      </line>
      <line branch="true" condition-coverage="50% (1/2)" hits="1" number="101">
       <conditions>
        <condition coverage="50%" number="0" type="jump" />
       </conditions>
      </line>
      <line branch="false" hits="3" number="145" />
      <line branch="false" hits="4" number="104" />
      <line branch="false" hits="7" number="107" />
      <line branch="true" condition-coverage="50% (1/2)" hits="7" number="108">
       <conditions>
        <condition coverage="50%" number="0" type="jump" />
       </conditions>
      </line>
      <line branch="true" condition-coverage="50% (1/2)" hits="3" number="146">
       <conditions>
        <condition coverage="50%" number="0" type="jump" />
       </conditions>
      </line>
      <line branch="false" hits="7" number="113" />
      <line branch="true" condition-coverage="50% (1/2)" hits="6" number="147">
       <conditions>
        <condition coverage="50%" number="0" type="jump" />
       </conditions>
      </line>
      <line branch="false" hits="3" number="118" />
      <line branch="true" condition-coverage="50% (1/2)" hits="3" number="119">
       <conditions>
        <condition coverage="50%" number="0" type="jump" />
       </conditions>
      </line>
      <line branch="false" hits="4" number="91" />
      <line branch="true" condition-coverage="50% (2/4)" hits="3" number="149">
       <conditions>
        <condition coverage="50%" number="0" type="jump" />
       </conditions>
      </line>
     </lines>
    </class>
    <class branch-rate="0.412408759124" complexity="0.0" filename="src/system/sys_profiler.cc" line-rate="0.819607843137" name="sys_profiler_cc">
     <methods />
     <lines>
      <line branch="false" hits="0" number="515" />
      <line branch="false" hits="0" number="517" />
      <line branch="true" condition-coverage="0% (0/6)" hits="0" number="518">
       <conditions>
        <condition coverage="0%" number="0" type="jump" />
       </conditions>
      </line>
      <line branch="true" condition-coverage="0% (0/2)" hits="0" number="520">
       <conditions>
        <condition coverage="0%" number="0" type="jump" />
       </conditions>
      </line>
      <line branch="true" condition-coverage="0% (0/2)" hits="0" number="521">
       <conditions>
        <condition coverage="0%" number="0" type="jump" />
       </conditions>
      </line>
      <line branch="true" condition-coverage="0% (0/2)" hits="0" number="522">
       <conditions>
        <condition coverage="0%" number="0" type="jump" />
       </conditions>
      </line>
      <line branch="true" condition-coverage="0% (0/2)" hits="0" number="523">
       <conditions>
        <condition coverage="0%" number="0" type="jump" />
       </conditions>
      </line>
      <line branch="false" hits="0" number="524" />
      <line branch="false" hits="4" number="528" />
      <line branch="true" condition-coverage="50% (1/2)" hits="4" number="530">
       <conditions>
        <condition coverage="50%" number="0" type="jump" />
       </conditions>
      </line>
      <line branch="true" condition-coverage="6% (1/16)" hits="4" number="531">
       <conditions>
        <condition coverage="6%" number="0" type="jump" />
       </conditions>
      </line>
      <line branch="false" hits="4" number="533" />
      <line branch="true" condition-coverage="50% (1/2)" hits="4" number="534">
       <conditions>
        <condition coverage="50%" number="0" type="jump" />
       </conditions>
      </line>
      <line branch="false" hits="4" number="535" />
      <line branch="true" condition-coverage="50% (2/4)" hits="13" number="537">
       <conditions>
        <condition coverage="50%" number="0" type="jump" />
       </conditions>
      </line>
      <line branch="false" hits="28" number="50" />
      <line branch="false" hits="28" number="51" />
      <line branch="true" condition-coverage="50% (1/2)" hits="28" number="52">
       <conditions>
        <condition coverage="50%" number="0" type="jump" />
       </conditions>
      </line>
      <line branch="false" hits="28" number="53" />
      <line branch="false" hits="28" number="56" />
      <line branch="false" hits="28" number="57" />
      <line branch="true" condition-coverage="50% (1/2)" hits="28" number="58">
       <conditions>
        <condition coverage="50%" number="0" type="jump" />
       </conditions>
      </line>
      <line branch="false" hits="28" number="59" />
      <line branch="false" hits="28" number="62" />
      <line branch="false" hits="28" number="63" />
      <line branch="true" condition-coverage="50% (1/2)" hits="28" number="64">
       <conditions>
        <condition coverage="50%" number="0" type="jump" />
       </conditions>
      </line>
      <line branch="false" hits="28" number="65" />
      <line branch="false" hits="28" number="68" />
      <line branch="false" hits="28" number="69" />
      <line branch="true" condition-coverage="50% (1/2)" hits="28" number="70">
       <conditions>
        <condition coverage="50%" number="0" type="jump" />
       </conditions>
      </line>
      <line branch="false" hits="28" number="71" />
      <line branch="false" hits="28" number="74" />
      <line branch="false" hits="28" number="75" />
      <line branch="true" condition-coverage="50% (1/2)" hits="28" number="76">
       <conditions>
        <condition coverage="50%" number="0" type="jump" />
       </conditions>
      </line>
      <line branch="false" hits="28" number="77" />
      <line branch="false" hits="28" number="80" />
      <line branch="false" hits="28" number="81" />
      <line branch="true" condition-coverage="50% (1/2)" hits="28" number="82">
       <conditions>
        <condition coverage="50%" number="0" type="jump" />
       </conditions>
      </line>
      <line branch="false" hits="28" number="83" />
      <line branch="false" hits="20" number="92" />
      <line branch="false" hits="20" number="102" />
      <line branch="true" condition-coverage="100% (2/2)" hits="20" number="104">
       <conditions>
        <condition coverage="100%" number="0" type="jump" />
       </conditions>
      </line>
      <line branch="false" hits="20" number="105" />
      <line branch="false" hits="56" number="117" />
      <line branch="false" hits="56" number="118" />
      <line branch="false" hits="32" number="123" />
      <line branch="false" hits="32" number="125" />
      <line branch="false" hits="26" number="130" />
      <line branch="true" condition-coverage="50% (1/2)" hits="26" number="131">
       <conditions>
        <condition coverage="50%" number="0" type="jump" />
       </conditions>
      </line>
      <line branch="false" hits="26" number="132" />
      <line branch="false" hits="26" number="133" />
      <line branch="false" hits="26" number="134" />
      <line branch="false" hits="4" number="138" />
      <line branch="false" hits="4" number="139" />
      <line branch="false" hits="4" number="140" />
      <line branch="false" hits="4" number="141" />
      <line branch="false" hits="26" number="145" />
      <line branch="true" condition-coverage="100% (2/2)" hits="26" number="147">
       <conditions>
        <condition coverage="100%" number="0" type="jump" />
       </conditions>
      </line>
      <line branch="true" condition-coverage="50% (1/2)" hits="26" number="149">
       <conditions>
        <condition coverage="50%" number="0" type="jump" />
       </conditions>
      </line>
      <line branch="false" hits="26" number="150" />
      <line branch="false" hits="26" number="151" />
      <line branch="false" hits="26" number="152" />
      <line branch="false" hits="26" number="153" />
      <line branch="false" hits="0" number="155" />
      <line branch="false" hits="0" number="157" />
      <line branch="false" hits="16" number="162" />
      <line branch="false" hits="16" number="164" />
      <line branch="true" condition-coverage="50% (1/2)" hits="16" number="165">
       <conditions>
        <condition coverage="50%" number="0" type="jump" />
       </conditions>
      </line>
      <line branch="false" hits="0" number="166" />
      <line branch="true" condition-coverage="0% (0/2)" hits="0" number="167">
       <conditions>
        <condition coverage="0%" number="0" type="jump" />
       </conditions>
      </line>
      <line branch="true" condition-coverage="0% (0/2)" hits="0" number="168">
       <conditions>
        <condition coverage="0%" number="0" type="jump" />
       </conditions>
      </line>
      <line branch="true" condition-coverage="0% (0/2)" hits="0" number="169">
       <conditions>
        <condition coverage="0%" number="0" type="jump" />
       </conditions>
      </line>
      <line branch="true" condition-coverage="0% (0/16)" hits="0" number="170">
       <conditions>
        <condition coverage="0%" number="0" type="jump" />
       </conditions>
      </line>
      <line branch="false" hits="0" number="171" />
      <line branch="false" hits="16" number="173" />
      <line branch="false" hits="16" number="174" />
      <line branch="false" hits="28" number="178" />
      <line branch="true" condition-coverage="50% (4/8)" hits="28" number="179">
       <conditions>
        <condition coverage="50%" number="0" type="jump" />
       </conditions>
      </line>
      <line branch="false" hits="4" number="197" />
      <line branch="true" condition-coverage="50% (1/2)" hits="4" number="200">
       <conditions>
        <condition coverage="50%" number="0" type="jump" />
       </conditions>
      </line>
      <line branch="true" condition-coverage="50% (1/2)" hits="4" number="201">
       <conditions>
        <condition coverage="50%" number="0" type="jump" />
       </conditions>
      </line>
      <line branch="false" hits="4" number="203" />
      <line branch="false" hits="4" number="206" />
      <line branch="true" condition-coverage="50% (6/12)" hits="4" number="209">
       <conditions>
        <condition coverage="50%" number="0" type="jump" />
       </conditions>
      </line>
      <line branch="true" condition-coverage="50% (1/2)" hits="4" number="214">
       <conditions>
        <condition coverage="50%" number="0" type="jump" />
       </conditions>
      </line>
      <line branch="false" hits="4" number="215" />
      <line branch="false" hits="4" number="217" />
      <line branch="false" hits="0" number="222" />
      <line branch="false" hits="0" number="223" />
      <line branch="false" hits="0" number="224" />
      <line branch="false" hits="0" number="225" />
      <line branch="false" hits="0" number="229" />
      <line branch="false" hits="0" number="230" />
      <line branch="false" hits="0" number="231" />
      <line branch="false" hits="0" number="232" />
      <line branch="false" hits="0" number="233" />
      <line branch="false" hits="0" number="234" />
      <line branch="false" hits="0" number="235" />
      <line branch="false" hits="22" number="239" />
      <line branch="false" hits="22" number="241" />
      <line branch="true" condition-coverage="100% (2/2)" hits="22" number="242">
       <conditions>
        <condition coverage="100%" number="0" type="jump" />
       </conditions>
      </line>
      <line branch="false" hits="16" number="244" />
      <line branch="true" condition-coverage="50% (1/2)" hits="16" number="245">
       <conditions>
        <condition coverage="50%" number="0" type="jump" />
       </conditions>
      </line>
      <line branch="false" hits="16" number="246" />
      <line branch="false" hits="22" number="249" />
      <line branch="false" hits="22" number="250" />
      <line branch="false" hits="22" number="252" />
      <line branch="false" hits="22" number="257" />
      <line branch="false" hits="22" number="258" />
      <line branch="false" hits="22" number="259" />
      <line branch="true" condition-coverage="0% (0/2)" hits="0" number="261">
       <conditions>
        <condition coverage="0%" number="0" type="jump" />
       </conditions>
      </line>
      <line branch="false" hits="22" number="262" />
      <line branch="true" condition-coverage="100% (2/2)" hits="22" number="264">
       <conditions>
        <condition coverage="100%" number="0" type="jump" />
       </conditions>
      </line>
      <line branch="true" condition-coverage="19% (5/26)" hits="6" number="266">
       <conditions>
        <condition coverage="19%" number="0" type="jump" />
       </conditions>
      </line>
      <line branch="true" condition-coverage="50% (1/2)" hits="6" number="267">
       <conditions>
        <condition coverage="50%" number="0" type="jump" />
       </conditions>
      </line>
      <line branch="true" condition-coverage="0% (0/2)" hits="0" number="268">
       <conditions>
        <condition coverage="0%" number="0" type="jump" />
       </conditions>
      </line>
      <line branch="false" hits="0" number="269" />
      <line branch="false" hits="16" number="270" />
      <line branch="false" hits="16" number="275" />
      <line branch="false" hits="16" number="278" />
      <line branch="true" condition-coverage="100% (2/2)" hits="224" number="279">
       <conditions>
        <condition coverage="100%" number="0" type="jump" />
       </conditions>
      </line>
      <line branch="true" condition-coverage="100% (2/2)" hits="208" number="280">
       <conditions>
        <condition coverage="100%" number="0" type="jump" />
       </conditions>
      </line>
      <line branch="true" condition-coverage="6% (1/16)" hits="6" number="281">
       <conditions>
        <condition coverage="6%" number="0" type="jump" />
       </conditions>
      </line>
      <line branch="true" condition-coverage="100% (2/2)" hits="16" number="283">
       <conditions>
        <condition coverage="100%" number="0" type="jump" />
       </conditions>
      </line>
      <line branch="true" condition-coverage="100% (2/2)" hits="10" number="285">
       <conditions>
        <condition coverage="100%" number="0" type="jump" />
       </conditions>
      </line>
      <line branch="true" condition-coverage="100% (2/2)" hits="8" number="286">
       <conditions>
        <condition coverage="100%" number="0" type="jump" />
       </conditions>
      </line>
      <line branch="true" condition-coverage="100% (2/2)" hits="4" number="288">
       <conditions>
        <condition coverage="100%" number="0" type="jump" />
       </conditions>
      </line>
      <line branch="false" hits="2" number="289" />
      <line branch="false" hits="2" number="290" />
      <line branch="false" hits="2" number="293" />
      <line branch="false" hits="2" number="294" />
      <line branch="false" hits="2" number="295" />
      <line branch="false" hits="2" number="299" />
      <line branch="false" hits="12" number="302" />
      <line branch="false" hits="12" number="303" />
      <line branch="false" hits="26" number="308" />
      <line branch="true" condition-coverage="50% (1/2)" hits="26" number="309">
       <conditions>
        <condition coverage="50%" number="0" type="jump" />
       </conditions>
      </line>
      <line branch="true" condition-coverage="19% (5/26)" hits="26" number="310">
       <conditions>
        <condition coverage="19%" number="0" type="jump" />
       </conditions>
      </line>
      <line branch="true" condition-coverage="100% (2/2)" hits="26" number="312">
       <conditions>
        <condition coverage="100%" number="0" type="jump" />
       </conditions>
      </line>
      <line branch="true" condition-coverage="50% (1/2)" hits="10" number="314">
       <conditions>
        <condition coverage="50%" number="0" type="jump" />
       </conditions>
      </line>
      <line branch="true" condition-coverage="0% (0/2)" hits="0" number="316">
       <conditions>
        <condition coverage="0%" number="0" type="jump" />
       </conditions>
      </line>
      <line branch="true" condition-coverage="0% (0/2)" hits="0" number="317">
       <conditions>
        <condition coverage="0%" number="0" type="jump" />
       </conditions>
      </line>
      <line branch="true" condition-coverage="0% (0/2)" hits="0" number="319">
       <conditions>
        <condition coverage="0%" number="0" type="jump" />
       </conditions>
      </line>
      <line branch="false" hits="0" number="320" />
      <line branch="false" hits="0" number="321" />
      <line branch="false" hits="0" number="324" />
      <line branch="false" hits="0" number="325" />
      <line branch="false" hits="0" number="326" />
      <line branch="false" hits="0" number="329" />
      <line branch="false" hits="10" number="333" />
      <line branch="false" hits="10" number="334" />
      <line branch="false" hits="2" number="339" />
      <line branch="false" hits="2" number="340" />
      <line branch="false" hits="2" number="341" />
      <line branch="false" hits="0" number="345" />
      <line branch="false" hits="0" number="346" />
      <line branch="false" hits="0" number="347" />
      <line branch="false" hits="0" number="351" />
      <line branch="false" hits="0" number="352" />
      <line branch="false" hits="0" number="353" />
      <line branch="false" hits="28" number="360" />
      <line branch="false" hits="28" number="362" />
      <line branch="true" condition-coverage="6% (1/16)" hits="28" number="364">
       <conditions>
        <condition coverage="6%" number="0" type="jump" />
       </conditions>
      </line>
      <line branch="true" condition-coverage="6% (1/16)" hits="28" number="365">
       <conditions>
        <condition coverage="6%" number="0" type="jump" />
       </conditions>
      </line>
      <line branch="true" condition-coverage="50% (1/2)" hits="28" number="368">
       <conditions>
        <condition coverage="50%" number="0" type="jump" />
       </conditions>
      </line>
      <line branch="false" hits="28" number="370" />
      <line branch="true" condition-coverage="50% (1/2)" hits="28" number="371">
       <conditions>
        <condition coverage="50%" number="0" type="jump" />
       </conditions>
      </line>
      <line branch="true" condition-coverage="50% (1/2)" hits="28" number="372">
       <conditions>
        <condition coverage="50%" number="0" type="jump" />
       </conditions>
      </line>
      <line branch="true" condition-coverage="50% (1/2)" hits="28" number="373">
       <conditions>
        <condition coverage="50%" number="0" type="jump" />
       </conditions>
      </line>
      <line branch="false" hits="28" number="375" />
      <line branch="true" condition-coverage="50% (1/2)" hits="28" number="376">
       <conditions>
        <condition coverage="50%" number="0" type="jump" />
       </conditions>
      </line>
      <line branch="true" condition-coverage="50% (1/2)" hits="28" number="377">
       <conditions>
        <condition coverage="50%" number="0" type="jump" />
       </conditions>
      </line>
      <line branch="true" condition-coverage="50% (1/2)" hits="28" number="378">
       <conditions>
        <condition coverage="50%" number="0" type="jump" />
       </conditions>
      </line>
      <line branch="true" condition-coverage="100% (2/2)" hits="28" number="380">
       <conditions>
        <condition coverage="100%" number="0" type="jump" />
       </conditions>
      </line>
      <line branch="true" condition-coverage="50% (1/2)" hits="28" number="382">
       <conditions>
        <condition coverage="50%" number="0" type="jump" />
       </conditions>
      </line>
      <line branch="true" condition-coverage="50% (1/2)" hits="28" number="383">
       <conditions>
        <condition coverage="50%" number="0" type="jump" />
       </conditions>
      </line>
      <line branch="true" condition-coverage="50% (3/6)" hits="56" number="384">
       <conditions>
        <condition coverage="50%" number="0" type="jump" />
       </conditions>
      </line>
      <line branch="true" condition-coverage="50% (2/4)" hits="56" number="385">
       <conditions>
        <condition coverage="50%" number="0" type="jump" />
       </conditions>
      </line>
      <line branch="true" condition-coverage="50% (1/2)" hits="112" number="386">
       <conditions>
        <condition coverage="50%" number="0" type="jump" />
       </conditions>
      </line>
      <line branch="true" condition-coverage="50% (1/2)" hits="28" number="387">
       <conditions>
        <condition coverage="50%" number="0" type="jump" />
       </conditions>
      </line>
      <line branch="true" condition-coverage="50% (6/12)" hits="28" number="389">
       <conditions>
        <condition coverage="50%" number="0" type="jump" />
       </conditions>
      </line>
      <line branch="true" condition-coverage="50% (4/8)" hits="28" number="390">
       <conditions>
        <condition coverage="50%" number="0" type="jump" />
       </conditions>
      </line>
      <line branch="true" condition-coverage="50% (5/10)" hits="28" number="391">
       <conditions>
        <condition coverage="50%" number="0" type="jump" />
       </conditions>
      </line>
      <line branch="true" condition-coverage="50% (4/8)" hits="28" number="392">
       <conditions>
        <condition coverage="50%" number="0" type="jump" />
       </conditions>
      </line>
      <line branch="true" condition-coverage="50% (4/8)" hits="28" number="393">
       <conditions>
        <condition coverage="50%" number="0" type="jump" />
       </conditions>
      </line>
      <line branch="true" condition-coverage="50% (2/4)" hits="28" number="394">
       <conditions>
        <condition coverage="50%" number="0" type="jump" />
       </conditions>
      </line>
      <line branch="true" condition-coverage="50% (1/2)" hits="28" number="396">
       <conditions>
        <condition coverage="50%" number="0" type="jump" />
       </conditions>
      </line>
      <line branch="true" condition-coverage="100% (2/2)" hits="392" number="398">
       <conditions>
        <condition coverage="100%" number="0" type="jump" />
       </conditions>
      </line>
      <line branch="true" condition-coverage="100% (2/2)" hits="364" number="399">
       <conditions>
        <condition coverage="100%" number="0" type="jump" />
       </conditions>
      </line>
      <line branch="true" condition-coverage="50% (1/2)" hits="52" number="400">
       <conditions>
        <condition coverage="50%" number="0" type="jump" />
       </conditions>
      </line>
      <line branch="false" hits="28" number="401" />
      <line branch="false" hits="4" number="405" />
      <line branch="true" condition-coverage="50% (1/2)" hits="4" number="406">
       <conditions>
        <condition coverage="50%" number="0" type="jump" />
       </conditions>
      </line>
      <line branch="false" hits="0" number="407" />
      <line branch="false" hits="4" number="408" />
      <line branch="false" hits="4" number="409" />
      <line branch="false" hits="4" number="413" />
      <line branch="false" hits="4" number="415" />
      <line branch="true" condition-coverage="50% (1/2)" hits="4" number="418">
       <conditions>
        <condition coverage="50%" number="0" type="jump" />
       </conditions>
      </line>
      <line branch="true" condition-coverage="50% (1/2)" hits="4" number="419">
       <conditions>
        <condition coverage="50%" number="0" type="jump" />
       </conditions>
      </line>
      <line branch="true" condition-coverage="50% (1/2)" hits="4" number="422">
       <conditions>
        <condition coverage="50%" number="0" type="jump" />
       </conditions>
      </line>
      <line branch="true" condition-coverage="6% (1/16)" hits="4" number="423">
       <conditions>
        <condition coverage="6%" number="0" type="jump" />
       </conditions>
      </line>
      <line branch="true" condition-coverage="50% (1/2)" hits="4" number="425">
       <conditions>
        <condition coverage="50%" number="0" type="jump" />
       </conditions>
      </line>
      <line branch="true" condition-coverage="50% (2/4)" hits="4" number="428">
       <conditions>
        <condition coverage="50%" number="0" type="jump" />
       </conditions>
      </line>
      <line branch="true" condition-coverage="50% (2/4)" hits="4" number="429">
       <conditions>
        <condition coverage="50%" number="0" type="jump" />
       </conditions>
      </line>
      <line branch="true" condition-coverage="50% (2/4)" hits="4" number="430">
       <conditions>
        <condition coverage="50%" number="0" type="jump" />
       </conditions>
      </line>
      <line branch="true" condition-coverage="50% (2/4)" hits="4" number="431">
       <conditions>
        <condition coverage="50%" number="0" type="jump" />
       </conditions>
      </line>
      <line branch="true" condition-coverage="50% (2/4)" hits="4" number="432">
       <conditions>
        <condition coverage="50%" number="0" type="jump" />
       </conditions>
      </line>
      <line branch="true" condition-coverage="50% (2/4)" hits="4" number="433">
       <conditions>
        <condition coverage="50%" number="0" type="jump" />
       </conditions>
      </line>
      <line branch="true" condition-coverage="50% (2/4)" hits="4" number="434">
       <conditions>
        <condition coverage="50%" number="0" type="jump" />
       </conditions>
      </line>
      <line branch="true" condition-coverage="50% (1/2)" hits="4" number="436">
       <conditions>
        <condition coverage="50%" number="0" type="jump" />
       </conditions>
      </line>
      <line branch="true" condition-coverage="50% (1/2)" hits="4" number="439">
       <conditions>
        <condition coverage="50%" number="0" type="jump" />
       </conditions>
      </line>
      <line branch="true" condition-coverage="50% (1/2)" hits="4" number="442">
       <conditions>
        <condition coverage="50%" number="0" type="jump" />
       </conditions>
      </line>
      <line branch="true" condition-coverage="100% (2/2)" hits="36" number="443">
       <conditions>
        <condition coverage="100%" number="0" type="jump" />
       </conditions>
      </line>
      <line branch="true" condition-coverage="100% (2/2)" hits="32" number="444">
       <conditions>
        <condition coverage="100%" number="0" type="jump" />
       </conditions>
      </line>
      <line branch="true" condition-coverage="50% (1/2)" hits="4" number="446">
       <conditions>
        <condition coverage="50%" number="0" type="jump" />
       </conditions>
      </line>
      <line branch="true" condition-coverage="100% (2/2)" hits="28" number="447">
       <conditions>
        <condition coverage="100%" number="0" type="jump" />
       </conditions>
      </line>
      <line branch="true" condition-coverage="50% (1/2)" hits="24" number="448">
       <conditions>
        <condition coverage="50%" number="0" type="jump" />
       </conditions>
      </line>
      <line branch="true" condition-coverage="100% (2/2)" hits="1344" number="449">
       <conditions>
        <condition coverage="100%" number="0" type="jump" />
       </conditions>
      </line>
      <line branch="true" condition-coverage="60% (6/10)" hits="1324" number="450">
       <conditions>
        <condition coverage="60%" number="0" type="jump" />
       </conditions>
      </line>
      <line branch="false" hits="4" number="451" />
      <line branch="false" hits="4" number="452" />
      <line branch="true" condition-coverage="66% (4/6)" hits="4" number="457">
       <conditions>
        <condition coverage="66%" number="0" type="jump" />
       </conditions>
      </line>
      <line branch="true" condition-coverage="50% (1/2)" hits="4" number="461">
       <conditions>
        <condition coverage="50%" number="0" type="jump" />
       </conditions>
      </line>
      <line branch="false" hits="4" number="463" />
      <line branch="false" hits="4" number="465" />
      <line branch="false" hits="4" number="466" />
      <line branch="false" hits="4" number="467" />
      <line branch="false" hits="4" number="469" />
      <line branch="false" hits="4" number="470" />
      <line branch="true" condition-coverage="50% (3/6)" hits="4" number="474">
       <conditions>
        <condition coverage="50%" number="0" type="jump" />
       </conditions>
      </line>
      <line branch="true" condition-coverage="50% (3/6)" hits="8" number="475">
       <conditions>
        <condition coverage="50%" number="0" type="jump" />
       </conditions>
      </line>
      <line branch="true" condition-coverage="50% (3/6)" hits="8" number="476">
       <conditions>
        <condition coverage="50%" number="0" type="jump" />
       </conditions>
      </line>
      <line branch="true" condition-coverage="50% (3/6)" hits="8" number="477">
       <conditions>
        <condition coverage="50%" number="0" type="jump" />
       </conditions>
      </line>
      <line branch="true" condition-coverage="50% (4/8)" hits="8" number="478">
       <conditions>
        <condition coverage="50%" number="0" type="jump" />
       </conditions>
      </line>
      <line branch="true" condition-coverage="50% (3/6)" hits="4" number="481">
       <conditions>
        <condition coverage="50%" number="0" type="jump" />
       </conditions>
      </line>
      <line branch="true" condition-coverage="50% (4/8)" hits="8" number="482">
       <conditions>
        <condition coverage="50%" number="0" type="jump" />
       </conditions>
      </line>
      <line branch="true" condition-coverage="50% (3/6)" hits="4" number="485">
       <conditions>
        <condition coverage="50%" number="0" type="jump" />
       </conditions>
      </line>
      <line branch="true" condition-coverage="50% (3/6)" hits="4" number="486">
       <conditions>
        <condition coverage="50%" number="0" type="jump" />
       </conditions>
      </line>
      <line branch="true" condition-coverage="50% (3/6)" hits="4" number="487">
       <conditions>
        <condition coverage="50%" number="0" type="jump" />
       </conditions>
      </line>
      <line branch="true" condition-coverage="50% (4/8)" hits="4" number="489">
       <conditions>
        <condition coverage="50%" number="0" type="jump" />
       </conditions>
      </line>
      <line branch="true" condition-coverage="50% (1/2)" hits="4" number="490">
       <conditions>
        <condition coverage="50%" number="0" type="jump" />
       </conditions>
      </line>
      <line branch="true" condition-coverage="100% (2/2)" hits="32" number="493">
       <conditions>
        <condition coverage="100%" number="0" type="jump" />
       </conditions>
      </line>
      <line branch="true" condition-coverage="50% (5/10)" hits="28" number="494">
       <conditions>
        <condition coverage="50%" number="0" type="jump" />
       </conditions>
      </line>
      <line branch="true" condition-coverage="50% (1/2)" hits="4" number="495">
       <conditions>
        <condition coverage="50%" number="0" type="jump" />
       </conditions>
      </line>
      <line branch="true" condition-coverage="50% (4/8)" hits="4" number="497">
       <conditions>
        <condition coverage="50%" number="0" type="jump" />
       </conditions>
      </line>
      <line branch="true" condition-coverage="50% (1/2)" hits="4" number="498">
       <conditions>
        <condition coverage="50%" number="0" type="jump" />
       </conditions>
      </line>
      <line branch="true" condition-coverage="100% (2/2)" hits="32" number="500">
       <conditions>
        <condition coverage="100%" number="0" type="jump" />
       </conditions>
      </line>
      <line branch="true" condition-coverage="100% (2/2)" hits="224" number="501">
       <conditions>
        <condition coverage="100%" number="0" type="jump" />
       </conditions>
      </line>
      <line branch="true" condition-coverage="80% (8/10)" hits="196" number="503">
       <conditions>
        <condition coverage="80%" number="0" type="jump" />
       </conditions>
      </line>
      <line branch="true" condition-coverage="50% (4/8)" hits="196" number="504">
       <conditions>
        <condition coverage="50%" number="0" type="jump" />
       </conditions>
      </line>
      <line branch="true" condition-coverage="50% (1/2)" hits="28" number="507">
       <conditions>
        <condition coverage="50%" number="0" type="jump" />
       </conditions>
      </line>
      <line branch="false" hits="4" number="508" />
      <line branch="false" hits="4" number="510" />
      <line branch="false" hits="4" number="511" />
     </lines>
    </class>
    <class branch-rate="0.143382352941" complexity="0.0" filename="src/system/system.cc" line-rate="0.321167883212" name="system_cc">
     <methods />
     <lines>
      <line branch="false" hits="14" number="53" />
      <line branch="false" hits="17" number="97" />
      <line branch="false" hits="17" number="101" />
      <line branch="true" condition-coverage="25% (1/4)" hits="17" number="106">
       <conditions>
        <condition coverage="25%" number="0" type="jump" />
       </conditions>
      </line>
      <line branch="false" hits="0" number="107" />
      <line branch="true" condition-coverage="50% (2/4)" hits="17" number="109">
       <conditions>
        <condition coverage="50%" number="0" type="jump" />
       </conditions>
      </line>
      <line branch="false" hits="0" number="110" />
      <line branch="false" hits="17" number="111" />
      <line branch="true" condition-coverage="50% (2/4)" hits="17" number="114">
       <conditions>
        <condition coverage="50%" number="0" type="jump" />
       </conditions>
      </line>
      <line branch="false" hits="0" number="115" />
      <line branch="false" hits="11" number="116" />
      <line branch="false" hits="6" number="117" />
      <line branch="false" hits="0" number="118" />
      <line branch="true" condition-coverage="75% (3/4)" hits="17" number="130">
       <conditions>
        <condition coverage="75%" number="0" type="jump" />
       </conditions>
      </line>
      <line branch="false" hits="0" number="131" />
      <line branch="true" condition-coverage="100% (2/2)" hits="17" number="136">
       <conditions>
        <condition coverage="100%" number="0" type="jump" />
       </conditions>
      </line>
      <line branch="false" hits="6" number="138" />
      <line branch="false" hits="6" number="139" />
      <line branch="false" hits="6" number="140" />
      <line branch="true" condition-coverage="50% (1/2)" hits="6" number="143">
       <conditions>
        <condition coverage="50%" number="0" type="jump" />
       </conditions>
      </line>
      <line branch="true" condition-coverage="50% (11/22)" hits="12" number="144">
       <conditions>
        <condition coverage="50%" number="0" type="jump" />
       </conditions>
      </line>
      <line branch="false" hits="6" number="146" />
      <line branch="true" condition-coverage="50% (1/2)" hits="11" number="151">
       <conditions>
        <condition coverage="50%" number="0" type="jump" />
       </conditions>
      </line>
      <line branch="true" condition-coverage="0% (0/2)" hits="0" number="152">
       <conditions>
        <condition coverage="0%" number="0" type="jump" />
       </conditions>
      </line>
      <line branch="true" condition-coverage="0% (0/2)" hits="0" number="153">
       <conditions>
        <condition coverage="0%" number="0" type="jump" />
       </conditions>
      </line>
      <line branch="true" condition-coverage="0% (0/2)" hits="0" number="154">
       <conditions>
        <condition coverage="0%" number="0" type="jump" />
       </conditions>
      </line>
      <line branch="false" hits="0" number="155" />
      <line branch="true" condition-coverage="0% (0/2)" hits="0" number="159">
       <conditions>
        <condition coverage="0%" number="0" type="jump" />
       </conditions>
      </line>
      <line branch="true" condition-coverage="0% (0/2)" hits="0" number="160">
       <conditions>
        <condition coverage="0%" number="0" type="jump" />
       </conditions>
      </line>
      <line branch="true" condition-coverage="0% (0/4)" hits="0" number="161">
       <conditions>
        <condition coverage="0%" number="0" type="jump" />
       </conditions>
      </line>
      <line branch="true" condition-coverage="0% (0/2)" hits="0" number="162">
       <conditions>
        <condition coverage="0%" number="0" type="jump" />
       </conditions>
      </line>
      <line branch="false" hits="0" number="163" />
      <line branch="true" condition-coverage="50% (1/2)" hits="11" number="169">
       <conditions>
        <condition coverage="50%" number="0" type="jump" />
       </conditions>
      </line>
      <line branch="true" condition-coverage="50% (2/4)" hits="11" number="170">
       <conditions>
        <condition coverage="50%" number="0" type="jump" />
       </conditions>
      </line>
      <line branch="true" condition-coverage="50% (2/4)" hits="11" number="171">
       <conditions>
        <condition coverage="50%" number="0" type="jump" />
       </conditions>
      </line>
      <line branch="true" condition-coverage="0% (0/2)" hits="0" number="172">
       <conditions>
        <condition coverage="0%" number="0" type="jump" />
       </conditions>
      </line>
      <line branch="true" condition-coverage="50% (2/4)" hits="11" number="178">
       <conditions>
        <condition coverage="50%" number="0" type="jump" />
       </conditions>
      </line>
      <line branch="false" hits="0" number="180" />
      <line branch="true" condition-coverage="0% (0/2)" hits="0" number="181">
       <conditions>
        <condition coverage="0%" number="0" type="jump" />
       </conditions>
      </line>
      <line branch="false" hits="0" number="182" />
      <line branch="true" condition-coverage="0% (0/2)" hits="0" number="184">
       <conditions>
        <condition coverage="0%" number="0" type="jump" />
       </conditions>
      </line>
      <line branch="true" condition-coverage="50% (1/2)" hits="11" number="187">
       <conditions>
        <condition coverage="50%" number="0" type="jump" />
       </conditions>
      </line>
      <line branch="false" hits="11" number="189" />
      <line branch="true" condition-coverage="50% (1/2)" hits="11" number="190">
       <conditions>
        <condition coverage="50%" number="0" type="jump" />
       </conditions>
      </line>
      <line branch="false" hits="11" number="191" />
      <line branch="true" condition-coverage="50% (1/2)" hits="11" number="193">
       <conditions>
        <condition coverage="50%" number="0" type="jump" />
       </conditions>
      </line>
      <line branch="false" hits="11" number="197" />
      <line branch="false" hits="13102" number="209" />
      <line branch="true" condition-coverage="50% (1/2)" hits="13102" number="214">
       <conditions>
        <condition coverage="50%" number="0" type="jump" />
       </conditions>
      </line>
      <line branch="false" hits="13102" number="215" />
      <line branch="true" condition-coverage="50% (1/2)" hits="13102" number="216">
       <conditions>
        <condition coverage="50%" number="0" type="jump" />
       </conditions>
      </line>
      <line branch="false" hits="13102" number="218" />
      <line branch="false" hits="0" number="243" />
      <line branch="false" hits="0" number="247" />
      <line branch="true" condition-coverage="0% (0/2)" hits="0" number="248">
       <conditions>
        <condition coverage="0%" number="0" type="jump" />
       </conditions>
      </line>
      <line branch="false" hits="0" number="250" />
      <line branch="false" hits="13000" number="273" />
      <line branch="false" hits="13000" number="274" />
      <line branch="false" hits="102" number="277" />
      <line branch="false" hits="102" number="278" />
      <line branch="false" hits="0" number="281" />
      <line branch="true" condition-coverage="0% (0/4)" hits="0" number="282">
       <conditions>
        <condition coverage="0%" number="0" type="jump" />
       </conditions>
      </line>
      <line branch="false" hits="12644" number="285" />
      <line branch="true" condition-coverage="50% (1/2)" hits="12644" number="287">
       <conditions>
        <condition coverage="50%" number="0" type="jump" />
       </conditions>
      </line>
      <line branch="false" hits="12644" number="288" />
      <line branch="false" hits="102" number="290" />
      <line branch="true" condition-coverage="50% (1/2)" hits="102" number="292">
       <conditions>
        <condition coverage="50%" number="0" type="jump" />
       </conditions>
      </line>
      <line branch="false" hits="102" number="293" />
      <line branch="false" hits="0" number="300" />
      <line branch="false" hits="0" number="304" />
      <line branch="true" condition-coverage="0% (0/2)" hits="0" number="305">
       <conditions>
        <condition coverage="0%" number="0" type="jump" />
       </conditions>
      </line>
      <line branch="false" hits="0" number="306" />
      <line branch="false" hits="0" number="312" />
      <line branch="true" condition-coverage="0% (0/16)" hits="0" number="317">
       <conditions>
        <condition coverage="0%" number="0" type="jump" />
       </conditions>
      </line>
      <line branch="false" hits="0" number="318" />
      <line branch="false" hits="0" number="319" />
      <line branch="false" hits="0" number="320" />
      <line branch="false" hits="0" number="321" />
      <line branch="false" hits="0" number="330" />
      <line branch="false" hits="0" number="333" />
      <line branch="false" hits="0" number="335" />
      <line branch="false" hits="0" number="336" />
      <line branch="false" hits="0" number="348" />
      <line branch="true" condition-coverage="0% (0/16)" hits="0" number="354">
       <conditions>
        <condition coverage="0%" number="0" type="jump" />
       </conditions>
      </line>
      <line branch="true" condition-coverage="0% (0/2)" hits="0" number="356">
       <conditions>
        <condition coverage="0%" number="0" type="jump" />
       </conditions>
      </line>
      <line branch="true" condition-coverage="0% (0/2)" hits="0" number="358">
       <conditions>
        <condition coverage="0%" number="0" type="jump" />
       </conditions>
      </line>
      <line branch="false" hits="0" number="360" />
      <line branch="false" hits="0" number="361" />
      <line branch="false" hits="0" number="364" />
      <line branch="false" hits="0" number="365" />
      <line branch="true" condition-coverage="0% (0/4)" hits="0" number="368">
       <conditions>
        <condition coverage="0%" number="0" type="jump" />
       </conditions>
      </line>
      <line branch="false" hits="0" number="369" />
      <line branch="false" hits="0" number="370" />
      <line branch="true" condition-coverage="0% (0/2)" hits="0" number="372">
       <conditions>
        <condition coverage="0%" number="0" type="jump" />
       </conditions>
      </line>
      <line branch="false" hits="0" number="374" />
      <line branch="false" hits="0" number="382" />
      <line branch="false" hits="0" number="384" />
      <line branch="true" condition-coverage="0% (0/16)" hits="0" number="387">
       <conditions>
        <condition coverage="0%" number="0" type="jump" />
       </conditions>
      </line>
      <line branch="true" condition-coverage="0% (0/2)" hits="0" number="389">
       <conditions>
        <condition coverage="0%" number="0" type="jump" />
       </conditions>
      </line>
      <line branch="false" hits="0" number="391" />
      <line branch="true" condition-coverage="0% (0/2)" hits="0" number="392">
       <conditions>
        <condition coverage="0%" number="0" type="jump" />
       </conditions>
      </line>
      <line branch="false" hits="0" number="393" />
      <line branch="false" hits="0" number="394" />
      <line branch="true" condition-coverage="0% (0/10)" hits="0" number="395">
       <conditions>
        <condition coverage="0%" number="0" type="jump" />
       </conditions>
      </line>
      <line branch="false" hits="0" number="397" />
      <line branch="false" hits="0" number="398" />
      <line branch="false" hits="0" number="399" />
      <line branch="false" hits="0" number="402" />
      <line branch="false" hits="0" number="409" />
      <line branch="true" condition-coverage="0% (0/16)" hits="0" number="413">
       <conditions>
        <condition coverage="0%" number="0" type="jump" />
       </conditions>
      </line>
      <line branch="false" hits="0" number="414" />
      <line branch="true" condition-coverage="0% (0/2)" hits="0" number="415">
       <conditions>
        <condition coverage="0%" number="0" type="jump" />
       </conditions>
      </line>
      <line branch="false" hits="0" number="416" />
      <line branch="true" condition-coverage="0% (0/2)" hits="0" number="417">
       <conditions>
        <condition coverage="0%" number="0" type="jump" />
       </conditions>
      </line>
      <line branch="false" hits="0" number="419" />
      <line branch="false" hits="0" number="425" />
      <line branch="true" condition-coverage="0% (0/16)" hits="0" number="429">
       <conditions>
        <condition coverage="0%" number="0" type="jump" />
       </conditions>
      </line>
      <line branch="false" hits="0" number="430" />
      <line branch="true" condition-coverage="0% (0/2)" hits="0" number="431">
       <conditions>
        <condition coverage="0%" number="0" type="jump" />
       </conditions>
      </line>
      <line branch="false" hits="0" number="432" />
      <line branch="false" hits="0" number="438" />
      <line branch="true" condition-coverage="0% (0/16)" hits="0" number="442">
       <conditions>
        <condition coverage="0%" number="0" type="jump" />
       </conditions>
      </line>
      <line branch="false" hits="0" number="443" />
      <line branch="true" condition-coverage="0% (0/2)" hits="0" number="444">
       <conditions>
        <condition coverage="0%" number="0" type="jump" />
       </conditions>
      </line>
      <line branch="false" hits="0" number="445" />
      <line branch="false" hits="0" number="451" />
      <line branch="true" condition-coverage="0% (0/16)" hits="0" number="455">
       <conditions>
        <condition coverage="0%" number="0" type="jump" />
       </conditions>
      </line>
      <line branch="true" condition-coverage="0% (0/2)" hits="0" number="456">
       <conditions>
        <condition coverage="0%" number="0" type="jump" />
       </conditions>
      </line>
      <line branch="false" hits="0" number="458" />
      <line branch="true" condition-coverage="0% (0/2)" hits="0" number="459">
       <conditions>
        <condition coverage="0%" number="0" type="jump" />
       </conditions>
      </line>
      <line branch="false" hits="0" number="462" />
      <line branch="false" hits="0" number="464" />
      <line branch="false" hits="0" number="470" />
      <line branch="false" hits="0" number="475" />
      <line branch="true" condition-coverage="0% (0/16)" hits="0" number="476">
       <conditions>
        <condition coverage="0%" number="0" type="jump" />
       </conditions>
      </line>
      <line branch="true" condition-coverage="0% (0/2)" hits="0" number="478">
       <conditions>
        <condition coverage="0%" number="0" type="jump" />
       </conditions>
      </line>
      <line branch="true" condition-coverage="50% (2/4)" hits="42" number="479">
       <conditions>
        <condition coverage="50%" number="0" type="jump" />
       </conditions>
      </line>
     </lines>
    </class>
    <class branch-rate="0.441176470588" complexity="0.0" filename="src/system/tokenizer.cc" line-rate="0.737704918033" name="tokenizer_cc">
     <methods />
     <lines>
      <line branch="false" hits="0" number="129" />
      <line branch="false" hits="0" number="130" />
      <line branch="false" hits="0" number="134" />
      <line branch="false" hits="0" number="136" />
      <line branch="false" hits="0" number="137" />
      <line branch="false" hits="0" number="138" />
      <line branch="false" hits="0" number="139" />
      <line branch="false" hits="4" number="142" />
      <line branch="true" condition-coverage="75% (3/4)" hits="2" number="143">
       <conditions>
        <condition coverage="75%" number="0" type="jump" />
       </conditions>
      </line>
      <line branch="true" condition-coverage="50% (2/4)" hits="5" number="144">
       <conditions>
        <condition coverage="50%" number="0" type="jump" />
       </conditions>
      </line>
      <line branch="false" hits="1" number="20" />
      <line branch="true" condition-coverage="50% (8/16)" hits="1" number="26">
       <conditions>
        <condition coverage="50%" number="0" type="jump" />
       </conditions>
      </line>
      <line branch="true" condition-coverage="50% (2/4)" hits="1" number="28">
       <conditions>
        <condition coverage="50%" number="0" type="jump" />
       </conditions>
      </line>
      <line branch="true" condition-coverage="50% (2/4)" hits="1" number="29">
       <conditions>
        <condition coverage="50%" number="0" type="jump" />
       </conditions>
      </line>
      <line branch="true" condition-coverage="33% (2/6)" hits="1" number="31">
       <conditions>
        <condition coverage="33%" number="0" type="jump" />
       </conditions>
      </line>
      <line branch="false" hits="1" number="33" />
      <line branch="false" hits="1" number="37" />
      <line branch="true" condition-coverage="50% (9/18)" hits="1" number="44">
       <conditions>
        <condition coverage="50%" number="0" type="jump" />
       </conditions>
      </line>
      <line branch="false" hits="1" number="45" />
      <line branch="false" hits="0" number="48" />
      <line branch="false" hits="0" number="49" />
      <line branch="false" hits="0" number="50" />
      <line branch="false" hits="4" number="53" />
      <line branch="true" condition-coverage="6% (1/16)" hits="4" number="55">
       <conditions>
        <condition coverage="6%" number="0" type="jump" />
       </conditions>
      </line>
      <line branch="false" hits="4" number="56" />
      <line branch="true" condition-coverage="50% (1/2)" hits="10" number="58">
       <conditions>
        <condition coverage="50%" number="0" type="jump" />
       </conditions>
      </line>
      <line branch="true" condition-coverage="100% (2/2)" hits="6" number="59">
       <conditions>
        <condition coverage="100%" number="0" type="jump" />
       </conditions>
      </line>
      <line branch="false" hits="4" number="60" />
      <line branch="false" hits="4" number="61" />
      <line branch="true" condition-coverage="33% (2/6)" hits="2" number="63">
       <conditions>
        <condition coverage="33%" number="0" type="jump" />
       </conditions>
      </line>
      <line branch="false" hits="2" number="64" />
      <line branch="false" hits="0" number="66" />
      <line branch="false" hits="14" number="71" />
      <line branch="true" condition-coverage="100% (6/6)" hits="14" number="73">
       <conditions>
        <condition coverage="100%" number="0" type="jump" />
       </conditions>
      </line>
      <line branch="false" hits="8" number="74" />
      <line branch="true" condition-coverage="100% (2/2)" hits="14" number="77">
       <conditions>
        <condition coverage="100%" number="0" type="jump" />
       </conditions>
      </line>
      <line branch="false" hits="13" number="79" />
      <line branch="true" condition-coverage="100% (6/6)" hits="41" number="81">
       <conditions>
        <condition coverage="100%" number="0" type="jump" />
       </conditions>
      </line>
      <line branch="false" hits="15" number="82" />
      <line branch="false" hits="15" number="83" />
      <line branch="true" condition-coverage="50% (1/2)" hits="15" number="85">
       <conditions>
        <condition coverage="50%" number="0" type="jump" />
       </conditions>
      </line>
[...]
      </line>
      <line branch="false" hits="0" number="605" />
      <line branch="false" hits="0" number="94" />
      <line branch="false" hits="0" number="96" />
      <line branch="false" hits="0" number="98" />
      <line branch="false" hits="0" number="100" />
      <line branch="false" hits="0" number="101" />
      <line branch="false" hits="0" number="103" />
      <line branch="false" hits="0" number="105" />
      <line branch="false" hits="0" number="619" />
      <line branch="false" hits="0" number="108" />
      <line branch="false" hits="0" number="110" />
      <line branch="true" condition-coverage="0% (0/16)" hits="0" number="623">
       <conditions>
        <condition coverage="0%" number="0" type="jump" />
       </conditions>
      </line>
      <line branch="false" hits="0" number="625" />
      <line branch="true" condition-coverage="0% (0/2)" hits="0" number="626">
       <conditions>
        <condition coverage="0%" number="0" type="jump" />
       </conditions>
      </line>
      <line branch="false" hits="0" number="628" />
      <line branch="false" hits="0" number="120" />
      <line branch="false" hits="0" number="123" />
      <line branch="false" hits="0" number="125" />
      <line branch="true" condition-coverage="0% (0/2)" hits="0" number="126">
       <conditions>
        <condition coverage="0%" number="0" type="jump" />
       </conditions>
      </line>
      <line branch="false" hits="0" number="128" />
      <line branch="false" hits="0" number="132" />
      <line branch="false" hits="0" number="645" />
      <line branch="false" hits="0" number="135" />
      <line branch="false" hits="0" number="650" />
      <line branch="true" condition-coverage="0% (0/2)" hits="0" number="651">
       <conditions>
        <condition coverage="0%" number="0" type="jump" />
       </conditions>
      </line>
      <line branch="false" hits="0" number="653" />
      <line branch="false" hits="0" number="143" />
      <line branch="false" hits="0" number="656" />
      <line branch="false" hits="0" number="146" />
      <line branch="false" hits="0" number="148" />
      <line branch="true" condition-coverage="0% (0/2)" hits="0" number="149">
       <conditions>
        <condition coverage="0%" number="0" type="jump" />
       </conditions>
      </line>
      <line branch="false" hits="0" number="151" />
      <line branch="false" hits="0" number="155" />
      <line branch="false" hits="0" number="158" />
      <line branch="false" hits="0" number="166" />
      <line branch="false" hits="0" number="169" />
      <line branch="false" hits="0" number="171" />
      <line branch="true" condition-coverage="0% (0/2)" hits="0" number="172">
       <conditions>
        <condition coverage="0%" number="0" type="jump" />
       </conditions>
      </line>
      <line branch="false" hits="0" number="174" />
      <line branch="false" hits="0" number="178" />
      <line branch="false" hits="0" number="181" />
      <line branch="false" hits="0" number="189" />
      <line branch="false" hits="0" number="191" />
      <line branch="false" hits="0" number="192" />
      <line branch="true" condition-coverage="0% (0/2)" hits="0" number="198">
       <conditions>
        <condition coverage="0%" number="0" type="jump" />
       </conditions>
      </line>
      <line branch="false" hits="0" number="200" />
      <line branch="true" condition-coverage="0% (0/2)" hits="0" number="201">
       <conditions>
        <condition coverage="0%" number="0" type="jump" />
       </conditions>
      </line>
      <line branch="true" condition-coverage="0% (0/2)" hits="0" number="204">
       <conditions>
        <condition coverage="0%" number="0" type="jump" />
       </conditions>
      </line>
      <line branch="true" condition-coverage="0% (0/2)" hits="0" number="205">
       <conditions>
        <condition coverage="0%" number="0" type="jump" />
       </conditions>
      </line>
      <line branch="false" hits="0" number="207" />
      <line branch="true" condition-coverage="0% (0/2)" hits="0" number="208">
       <conditions>
        <condition coverage="0%" number="0" type="jump" />
       </conditions>
      </line>
      <line branch="false" hits="0" number="632" />
      <line branch="false" hits="0" number="210" />
      <line branch="true" condition-coverage="0% (0/2)" hits="0" number="211">
       <conditions>
        <condition coverage="0%" number="0" type="jump" />
       </conditions>
      </line>
      <line branch="false" hits="0" number="212" />
      <line branch="true" condition-coverage="0% (0/2)" hits="0" number="365">
       <conditions>
        <condition coverage="0%" number="0" type="jump" />
       </conditions>
      </line>
      <line branch="false" hits="0" number="217" />
      <line branch="true" condition-coverage="0% (0/2)" hits="0" number="218">
       <conditions>
        <condition coverage="0%" number="0" type="jump" />
       </conditions>
      </line>
      <line branch="false" hits="0" number="220" />
      <line branch="true" condition-coverage="0% (0/2)" hits="0" number="221">
       <conditions>
        <condition coverage="0%" number="0" type="jump" />
       </conditions>
      </line>
      <line branch="false" hits="0" number="222" />
      <line branch="false" hits="0" number="226" />
      <line branch="false" hits="0" number="635" />
      <line branch="false" hits="0" number="234" />
      <line branch="false" hits="0" number="236" />
      <line branch="true" condition-coverage="0% (0/6)" hits="0" number="238">
       <conditions>
        <condition coverage="0%" number="0" type="jump" />
       </conditions>
      </line>
      <line branch="true" condition-coverage="0% (0/2)" hits="0" number="637">
       <conditions>
        <condition coverage="0%" number="0" type="jump" />
       </conditions>
      </line>
      <line branch="false" hits="0" number="240" />
      <line branch="false" hits="0" number="243" />
      <line branch="false" hits="0" number="638" />
      <line branch="false" hits="0" number="246" />
      <line branch="false" hits="0" number="248" />
      <line branch="false" hits="0" number="249" />
      <line branch="true" condition-coverage="0% (0/2)" hits="0" number="469">
       <conditions>
        <condition coverage="0%" number="0" type="jump" />
       </conditions>
      </line>
      <line branch="false" hits="0" number="258" />
      <line branch="true" condition-coverage="0% (0/18)" hits="0" number="263">
       <conditions>
        <condition coverage="0%" number="0" type="jump" />
       </conditions>
      </line>
      <line branch="true" condition-coverage="0% (0/2)" hits="0" number="264">
       <conditions>
        <condition coverage="0%" number="0" type="jump" />
       </conditions>
      </line>
      <line branch="true" condition-coverage="0% (0/2)" hits="0" number="265">
       <conditions>
        <condition coverage="0%" number="0" type="jump" />
       </conditions>
      </line>
      <line branch="true" condition-coverage="0% (0/4)" hits="0" number="266">
       <conditions>
        <condition coverage="0%" number="0" type="jump" />
       </conditions>
      </line>
      <line branch="true" condition-coverage="0% (0/2)" hits="0" number="269">
       <conditions>
        <condition coverage="0%" number="0" type="jump" />
       </conditions>
      </line>
      <line branch="true" condition-coverage="0% (0/2)" hits="0" number="270">
       <conditions>
        <condition coverage="0%" number="0" type="jump" />
       </conditions>
      </line>
      <line branch="false" hits="0" number="271" />
      <line branch="true" condition-coverage="0% (0/2)" hits="0" number="272">
       <conditions>
        <condition coverage="0%" number="0" type="jump" />
       </conditions>
      </line>
      <line branch="false" hits="0" number="273" />
      <line branch="false" hits="0" number="274" />
      <line branch="true" condition-coverage="0% (0/4)" hits="0" number="275">
       <conditions>
        <condition coverage="0%" number="0" type="jump" />
       </conditions>
      </line>
      <line branch="true" condition-coverage="0% (0/8)" hits="0" number="277">
       <conditions>
        <condition coverage="0%" number="0" type="jump" />
       </conditions>
      </line>
      <line branch="true" condition-coverage="50% (2/4)" hits="3" number="661">
       <conditions>
        <condition coverage="50%" number="0" type="jump" />
       </conditions>
      </line>
      <line branch="false" hits="0" number="279" />
      <line branch="false" hits="0" number="287" />
      <line branch="true" condition-coverage="0% (0/16)" hits="0" number="291">
       <conditions>
        <condition coverage="0%" number="0" type="jump" />
       </conditions>
      </line>
      <line branch="true" condition-coverage="0% (0/2)" hits="0" number="293">
       <conditions>
        <condition coverage="0%" number="0" type="jump" />
       </conditions>
      </line>
      <line branch="false" hits="0" number="295" />
      <line branch="true" condition-coverage="0% (0/2)" hits="0" number="296">
       <conditions>
        <condition coverage="0%" number="0" type="jump" />
       </conditions>
      </line>
      <line branch="false" hits="0" number="298" />
      <line branch="false" hits="0" number="301" />
      <line branch="false" hits="0" number="309" />
      <line branch="true" condition-coverage="0% (0/16)" hits="0" number="314">
       <conditions>
        <condition coverage="0%" number="0" type="jump" />
       </conditions>
      </line>
      <line branch="true" condition-coverage="0% (0/2)" hits="0" number="316">
       <conditions>
        <condition coverage="0%" number="0" type="jump" />
       </conditions>
      </line>
      <line branch="false" hits="0" number="318" />
      <line branch="true" condition-coverage="0% (0/2)" hits="0" number="320">
       <conditions>
        <condition coverage="0%" number="0" type="jump" />
       </conditions>
      </line>
      <line branch="true" condition-coverage="0% (0/2)" hits="0" number="322">
       <conditions>
        <condition coverage="0%" number="0" type="jump" />
       </conditions>
      </line>
      <line branch="false" hits="0" number="324" />
      <line branch="true" condition-coverage="0% (0/2)" hits="0" number="325">
       <conditions>
        <condition coverage="0%" number="0" type="jump" />
       </conditions>
      </line>
      <line branch="false" hits="0" number="327" />
      <line branch="true" condition-coverage="0% (0/2)" hits="0" number="328">
       <conditions>
        <condition coverage="0%" number="0" type="jump" />
       </conditions>
      </line>
      <line branch="true" condition-coverage="0% (0/2)" hits="0" number="329">
       <conditions>
        <condition coverage="0%" number="0" type="jump" />
       </conditions>
      </line>
      <line branch="true" condition-coverage="0% (0/2)" hits="0" number="330">
       <conditions>
        <condition coverage="0%" number="0" type="jump" />
       </conditions>
      </line>
      <line branch="false" hits="0" number="334" />
      <line branch="false" hits="0" number="338" />
      <line branch="false" hits="0" number="348" />
      <line branch="true" condition-coverage="50% (4/8)" hits="1" number="58">
       <conditions>
        <condition coverage="50%" number="0" type="jump" />
       </conditions>
      </line>
      <line branch="true" condition-coverage="0% (0/18)" hits="0" number="353">
       <conditions>
        <condition coverage="0%" number="0" type="jump" />
       </conditions>
      </line>
      <line branch="true" condition-coverage="0% (0/2)" hits="0" number="355">
       <conditions>
        <condition coverage="0%" number="0" type="jump" />
       </conditions>
      </line>
      <line branch="true" condition-coverage="0% (0/4)" hits="0" number="357">
       <conditions>
        <condition coverage="0%" number="0" type="jump" />
       </conditions>
      </line>
      <line branch="true" condition-coverage="0% (0/2)" hits="0" number="360">
       <conditions>
        <condition coverage="0%" number="0" type="jump" />
       </conditions>
      </line>
      <line branch="true" condition-coverage="0% (0/2)" hits="0" number="361">
       <conditions>
        <condition coverage="0%" number="0" type="jump" />
       </conditions>
      </line>
      <line branch="true" condition-coverage="0% (0/16)" hits="0" number="487">
       <conditions>
        <condition coverage="0%" number="0" type="jump" />
       </conditions>
      </line>
      <line branch="true" condition-coverage="0% (0/2)" hits="0" number="364">
       <conditions>
        <condition coverage="0%" number="0" type="jump" />
       </conditions>
      </line>
      <line branch="true" condition-coverage="0% (0/2)" hits="0" number="658">
       <conditions>
        <condition coverage="0%" number="0" type="jump" />
       </conditions>
      </line>
      <line branch="false" hits="0" number="366" />
      <line branch="true" condition-coverage="0% (0/2)" hits="0" number="369">
       <conditions>
        <condition coverage="0%" number="0" type="jump" />
       </conditions>
      </line>
      <line branch="true" condition-coverage="0% (0/2)" hits="0" number="370">
       <conditions>
        <condition coverage="0%" number="0" type="jump" />
       </conditions>
      </line>
      <line branch="false" hits="0" number="371" />
      <line branch="false" hits="0" number="373" />
      <line branch="false" hits="0" number="660" />
      <line branch="true" condition-coverage="0% (0/2)" hits="0" number="378">
       <conditions>
        <condition coverage="0%" number="0" type="jump" />
       </conditions>
      </line>
      <line branch="true" condition-coverage="0% (0/2)" hits="0" number="379">
       <conditions>
        <condition coverage="0%" number="0" type="jump" />
       </conditions>
      </line>
      <line branch="false" hits="0" number="380" />
      <line branch="true" condition-coverage="0% (0/2)" hits="0" number="381">
       <conditions>
        <condition coverage="0%" number="0" type="jump" />
       </conditions>
      </line>
      <line branch="false" hits="0" number="382" />
      <line branch="false" hits="0" number="383" />
      <line branch="true" condition-coverage="0% (0/4)" hits="0" number="384">
       <conditions>
        <condition coverage="0%" number="0" type="jump" />
       </conditions>
      </line>
      <line branch="true" condition-coverage="0% (0/8)" hits="0" number="387">
       <conditions>
        <condition coverage="0%" number="0" type="jump" />
       </conditions>
      </line>
      <line branch="false" hits="0" number="389" />
      <line branch="false" hits="0" number="395" />
      <line branch="true" condition-coverage="0% (0/18)" hits="0" number="400">
       <conditions>
        <condition coverage="0%" number="0" type="jump" />
       </conditions>
      </line>
      <line branch="false" hits="0" number="401" />
      <line branch="true" condition-coverage="0% (0/2)" hits="0" number="402">
       <conditions>
        <condition coverage="0%" number="0" type="jump" />
       </conditions>
      </line>
      <line branch="false" hits="0" number="403" />
      <line branch="true" condition-coverage="0% (0/6)" hits="0" number="404">
       <conditions>
        <condition coverage="0%" number="0" type="jump" />
       </conditions>
      </line>
      <line branch="true" condition-coverage="0% (0/6)" hits="0" number="610">
       <conditions>
        <condition coverage="0%" number="0" type="jump" />
       </conditions>
      </line>
      <line branch="false" hits="0" number="406" />
      <line branch="false" hits="0" number="412" />
      <line branch="true" condition-coverage="0% (0/18)" hits="0" number="417">
       <conditions>
        <condition coverage="0%" number="0" type="jump" />
       </conditions>
      </line>
      <line branch="false" hits="0" number="418" />
      <line branch="true" condition-coverage="0% (0/2)" hits="0" number="419">
       <conditions>
        <condition coverage="0%" number="0" type="jump" />
       </conditions>
      </line>
      <line branch="false" hits="0" number="420" />
      <line branch="true" condition-coverage="0% (0/8)" hits="0" number="421">
       <conditions>
        <condition coverage="0%" number="0" type="jump" />
       </conditions>
      </line>
      <line branch="false" hits="0" number="423" />
      <line branch="false" hits="0" number="431" />
      <line branch="true" condition-coverage="0% (0/16)" hits="0" number="435">
       <conditions>
        <condition coverage="0%" number="0" type="jump" />
       </conditions>
      </line>
      <line branch="false" hits="0" number="437" />
      <line branch="true" condition-coverage="0% (0/2)" hits="0" number="438">
       <conditions>
        <condition coverage="0%" number="0" type="jump" />
       </conditions>
      </line>
      <line branch="false" hits="0" number="440" />
      <line branch="false" hits="0" number="448" />
      <line branch="true" condition-coverage="0% (0/16)" hits="0" number="453">
       <conditions>
        <condition coverage="0%" number="0" type="jump" />
       </conditions>
      </line>
      <line branch="false" hits="0" number="455" />
      <line branch="false" hits="0" number="458" />
      <line branch="true" condition-coverage="0% (0/2)" hits="0" number="459">
       <conditions>
        <condition coverage="0%" number="0" type="jump" />
       </conditions>
      </line>
      <line branch="true" condition-coverage="0% (0/2)" hits="0" number="461">
       <conditions>
        <condition coverage="0%" number="0" type="jump" />
       </conditions>
      </line>
      <line branch="false" hits="0" number="462" />
      <line branch="false" hits="0" number="612" />
      <line branch="false" hits="0" number="466" />
      <line branch="true" condition-coverage="0% (0/2)" hits="0" number="78">
       <conditions>
        <condition coverage="0%" number="0" type="jump" />
       </conditions>
      </line>
      <line branch="true" condition-coverage="0% (0/6)" hits="0" number="471">
       <conditions>
        <condition coverage="0%" number="0" type="jump" />
       </conditions>
      </line>
      <line branch="false" hits="0" number="473" />
      <line branch="false" hits="0" number="482" />
      <line branch="true" condition-coverage="0% (0/2)" hits="0" number="593">
       <conditions>
        <condition coverage="0%" number="0" type="jump" />
       </conditions>
      </line>
      <line branch="false" hits="0" number="489" />
      <line branch="false" hits="0" number="492" />
      <line branch="true" condition-coverage="0% (0/2)" hits="0" number="493">
       <conditions>
        <condition coverage="0%" number="0" type="jump" />
       </conditions>
      </line>
      <line branch="true" condition-coverage="0% (0/4)" hits="0" number="495">
       <conditions>
        <condition coverage="0%" number="0" type="jump" />
       </conditions>
      </line>
      <line branch="false" hits="0" number="496" />
      <line branch="false" hits="0" number="500" />
      <line branch="true" condition-coverage="0% (0/2)" hits="0" number="503">
       <conditions>
        <condition coverage="0%" number="0" type="jump" />
       </conditions>
      </line>
      <line branch="true" condition-coverage="0% (0/2)" hits="0" number="505">
       <conditions>
        <condition coverage="0%" number="0" type="jump" />
       </conditions>
      </line>
      <line branch="false" hits="0" number="506" />
      <line branch="true" condition-coverage="0% (0/2)" hits="0" number="597">
       <conditions>
        <condition coverage="0%" number="0" type="jump" />
       </conditions>
      </line>
     </lines>
    </class>
   </classes>
  </package>
  </packages>
</coverage>